TN:
SF:src/router.ts
FN:29,(anonymous_0)
FN:45,(anonymous_1)
FNF:2
FNH:2
FNDA:3,(anonymous_0)
FNDA:5,(anonymous_1)
DA:1,2
DA:2,2
DA:3,2
DA:4,2
DA:7,2
DA:10,2
DA:12,2
DA:20,2
DA:29,3
DA:35,2
DA:45,5
DA:52,2
DA:61,2
DA:68,2
LF:14
LH:14
BRF:0
BRH:0
end_of_record
TN:
SF:src/server.ts
FN:8,connectDB
FN:30,(anonymous_2)
FNF:2
FNH:2
FNDA:3,connectDB
FNDA:1,(anonymous_2)
DA:1,2
DA:2,2
DA:3,2
DA:4,2
DA:8,2
DA:9,3
DA:10,3
DA:11,2
DA:15,1
DA:19,2
DA:22,2
DA:25,2
DA:28,2
DA:30,2
DA:31,1
DA:36,2
LF:16
LH:16
BRF:0
BRH:0
end_of_record
TN:
SF:src/config/db.ts
FNF:0
FNH:0
DA:1,2
DA:2,2
DA:3,2
DA:6,2
DA:11,2
LF:5
LH:5
BRF:0
BRH:0
end_of_record
TN:
SF:src/handlers/paciente.ts
FN:6,(anonymous_1)
FN:16,(anonymous_2)
FN:31,(anonymous_3)
FN:59,(anonymous_4)
FN:80,(anonymous_5)
FN:108,(anonymous_6)
FNF:6
FNH:6
FNDA:2,(anonymous_1)
FNDA:2,(anonymous_2)
FNDA:2,(anonymous_3)
FNDA:2,(anonymous_4)
FNDA:1,(anonymous_5)
FNDA:2,(anonymous_6)
DA:2,2
DA:6,2
DA:7,2
DA:11,2
DA:16,2
DA:17,2
DA:18,2
DA:21,2
DA:22,1
DA:27,1
DA:31,2
DA:32,2
DA:33,2
DA:36,2
DA:37,1
DA:43,1
DA:44,1
DA:53,1
DA:55,1
DA:59,2
DA:60,2
DA:61,2
DA:64,2
DA:65,1
DA:72,1
DA:73,1
DA:74,1
DA:80,2
DA:81,1
DA:82,1
DA:108,2
DA:109,2
DA:110,2
DA:113,2
DA:114,1
DA:120,1
DA:121,1
LF:37
LH:37
BRDA:21,0,0,1
BRDA:36,1,0,1
BRDA:64,2,0,1
BRDA:113,3,0,1
BRF:4
BRH:4
end_of_record
TN:
SF:src/middleware/index.ts
FN:4,(anonymous_0)
FNF:1
FNH:1
FNDA:16,(anonymous_0)
DA:2,2
DA:4,2
DA:6,16
DA:7,16
DA:8,7
DA:11,9
LF:6
LH:6
BRDA:7,0,0,7
BRF:1
BRH:1
end_of_record
TN:
SF:src/models/Paciente.model.ts
FNF:0
FNH:0
DA:2,3
DA:11,3
DA:15,3
DA:21,3
DA:27,3
DA:31,3
LF:6
LH:6
BRF:0
BRH:0
end_of_record
